0	N/A(1)	N/A	N/A	CrystalBuild.exe Warning: 0 : 
11834	N/A(1)	N/A	N/A	No resources to register!
15840	N/A(1)	N/A	N/A	CrystalBuild.exe Warning: 0 : 
15947	N/A(1)	N/A	N/A	No data found to build!
43474	CrystalBuild.exe(1)	Information	0	Building 1 Templates into D:\Dev\EndlessBattleFC\vanilla\src\data\generated\templates.js
50284	CrystalBuild.exe(1)	Information	0	  emptyElement.html
70040	N/A(1)	N/A	N/A	CrystalBuild.exe Information: 0 : 
70257	N/A(1)	N/A	N/A	
70636	CrystalBuild.exe(1)	Information	0	Result for Building Templates
70967	N/A(1)	N/A	N/A	CrystalBuild.exe Information: 0 : 
71173	N/A(1)	N/A	N/A	 -------------------
72926	N/A(1)	N/A	N/A	CrystalBuild.exe Information: 0 : 
73002	N/A(1)	N/A	N/A	
73323	CrystalBuild.exe(1)	Information	0	Building Templates Done with 0 Errors, 0 Warnings


81915	CrystalBuild.exe(1)	Information	0	Building 63 Sources into D:\Dev\EndlessBattleFC\vanilla\bin\debug\endless.js
84308	CrystalBuild.exe(1)	Information	0	  system.js
129082	CrystalBuild.exe(1)	Information	0	  loader.js
132234	CrystalBuild.exe(1)	Information	0	  init.js
138717	CrystalBuild.exe(1)	Information	0	  assert.js
144824	CrystalBuild.exe(1)	Information	0	  base64.js
163033	CrystalBuild.exe(1)	Information	0	  component.js
222336	CrystalBuild.exe(1)	Information	0	  coreSave.js
275978	CrystalBuild.exe(1)	Information	0	  coreUtils.js
304448	CrystalBuild.exe(1)	Information	0	  eventAggregate.js
311793	CrystalBuild.exe(1)	Information	0	  gameTime.js
318431	CrystalBuild.exe(1)	Information	0	  log.js
327423	CrystalBuild.exe(1)	Information	0	  lzw.js
349026	CrystalBuild.exe(1)	Information	0	  mathExtension.js
368889	CrystalBuild.exe(1)	Information	0	  type.js
403547	CrystalBuild.exe(1)	Information	0	  templates.js
405361	CrystalBuild.exe(1)	Information	0	  debug.js
418926	CrystalBuild.exe(1)	Information	0	  fbData.js
424697	CrystalBuild.exe(1)	Information	0	  fbMain.js
522437	CrystalBuild.exe(1)	Information	0	  fmMain.js
548646	CrystalBuild.exe(1)	Information	0	  game.js
598685	CrystalBuild.exe(1)	Information	0	  save.js
604220	CrystalBuild.exe(1)	Information	0	  saveKeys.js
611324	CrystalBuild.exe(1)	Information	0	  settings.js
617955	CrystalBuild.exe(1)	Information	0	  staticData.js
622294	CrystalBuild.exe(1)	Information	0	  utils.js
639243	CrystalBuild.exe(1)	Information	0	  abilities.js
645712	CrystalBuild.exe(1)	Information	0	  buff.js
655911	CrystalBuild.exe(1)	Information	0	  buffManager.js
664874	CrystalBuild.exe(1)	Information	0	  debuffManager.js
667019	CrystalBuild.exe(1)	Information	0	  effect.js
672918	CrystalBuild.exe(1)	Information	0	  equipment.js
701197	CrystalBuild.exe(1)	Information	0	  event.js
705607	CrystalBuild.exe(1)	Information	0	  eventManager.js
712996	CrystalBuild.exe(1)	Information	0	  game.js
779294	CrystalBuild.exe(1)	Information	0	  inventory.js
786954	CrystalBuild.exe(1)	Information	0	  item.js
789770	CrystalBuild.exe(1)	Information	0	  itemBonuses.js
792628	CrystalBuild.exe(1)	Information	0	  itemCreator.js
848216	CrystalBuild.exe(1)	Information	0	  legacyGame.js
957652	CrystalBuild.exe(1)	Information	0	  loot.js
959901	CrystalBuild.exe(1)	Information	0	  mercenary.js
961380	CrystalBuild.exe(1)	Information	0	  mercenaryManager.js
985331	CrystalBuild.exe(1)	Information	0	  monster.js
1010568	CrystalBuild.exe(1)	Information	0	  monsterCreator.js
1022645	CrystalBuild.exe(1)	Information	0	  nameGenerator.js
1029656	CrystalBuild.exe(1)	Information	0	  options.js
1039177	CrystalBuild.exe(1)	Information	0	  particle.js
1044585	CrystalBuild.exe(1)	Information	0	  particleManager.js
1060540	CrystalBuild.exe(1)	Information	0	  player.js
1099725	CrystalBuild.exe(1)	Information	0	  quest.js
1109086	CrystalBuild.exe(1)	Information	0	  questsManager.js
1118983	CrystalBuild.exe(1)	Information	0	  statGenerator.js
1134847	CrystalBuild.exe(1)	Information	0	  stats.js
1144489	CrystalBuild.exe(1)	Information	0	  statsSet.js
1146701	CrystalBuild.exe(1)	Information	0	  statUpgrade.js
1148021	CrystalBuild.exe(1)	Information	0	  statUpgradeManager.js
1157309	CrystalBuild.exe(1)	Information	0	  tooltipManager.js
1184395	CrystalBuild.exe(1)	Information	0	  upgrade.js
1186543	CrystalBuild.exe(1)	Information	0	  upgradeManager.js
1216177	CrystalBuild.exe(1)	Information	0	  templateProvider.js
1222002	CrystalBuild.exe(1)	Information	0	  userInterface.js
1293829	CrystalBuild.exe(1)	Information	0	  combatLog.js
1326745	CrystalBuild.exe(1)	Information	0	  main.js
1479014	N/A(1)	N/A	N/A	CrystalBuild.exe Information: 0 : 
1479110	N/A(1)	N/A	N/A	
1479761	CrystalBuild.exe(1)	Information	0	Result for Building Sources
1481153	N/A(1)	N/A	N/A	CrystalBuild.exe Information: 0 : 
1481240	N/A(1)	N/A	N/A	 -------------------
1482389	N/A(1)	N/A	N/A	CrystalBuild.exe Information: 0 : 
1482520	N/A(1)	N/A	N/A	
1483400	CrystalBuild.exe(1)	Information	0	Building Sources Done with 0 Errors, 0 Warnings


1487115	CrystalBuild.exe(1)	Information	0	Building 4 Style-sheets into D:\Dev\EndlessBattleFC\vanilla\bin\debug\endless.css
1490350	CrystalBuild.exe(1)	Information	0	  common.css
1492071	CrystalBuild.exe(1)	Information	0	  layout.css
1493646	CrystalBuild.exe(1)	Information	0	  system.css
1494870	CrystalBuild.exe(1)	Information	0	  combatLog.css
1563474	N/A(1)	N/A	N/A	CrystalBuild.exe Information: 0 : 
1563579	N/A(1)	N/A	N/A	
1564209	CrystalBuild.exe(1)	Information	0	Result for Building Style-sheets
1565468	N/A(1)	N/A	N/A	CrystalBuild.exe Information: 0 : 
1565536	N/A(1)	N/A	N/A	 -------------------
1566849	CrystalBuild.exe(1)	Warning	0	 - WARNING: Style contains image reference: resetConfirmWindow
1567830	CrystalBuild.exe(1)	Warning	0	 - WARNING: Style contains image reference: navBarWindow
1568935	CrystalBuild.exe(1)	Warning	0	 - WARNING: Style contains image reference: goldCoin
1569997	CrystalBuild.exe(1)	Warning	0	 - WARNING: Style contains image reference: expOrb
1571178	CrystalBuild.exe(1)	Warning	0	 - WARNING: Style contains image reference: powerShard
1572211	CrystalBuild.exe(1)	Warning	0	 - WARNING: Style contains image reference: bleedingIcon
1573174	CrystalBuild.exe(1)	Warning	0	 - WARNING: Style contains image reference: burningIcon
1574148	CrystalBuild.exe(1)	Warning	0	 - WARNING: Style contains image reference: chilledIcon
1575076	CrystalBuild.exe(1)	Warning	0	 - WARNING: Style contains image reference: smallBarBackground
1576168	CrystalBuild.exe(1)	Warning	0	 - WARNING: Style contains image reference: smallBarBorder
1577191	CrystalBuild.exe(1)	Warning	0	 - WARNING: Style contains image reference: playerHealthBar
1578249	CrystalBuild.exe(1)	Warning	0	 - WARNING: Style contains image reference: resurrectionBar
1579255	CrystalBuild.exe(1)	Warning	0	 - WARNING: Style contains image reference: monsterHealthBar
1580531	CrystalBuild.exe(1)	Warning	0	 - WARNING: Style contains image reference: eventButton
1581844	CrystalBuild.exe(1)	Warning	0	 - WARNING: Style contains image reference: buffIcon
1583311	CrystalBuild.exe(1)	Warning	0	 - WARNING: Style contains image reference: buffBar
1584719	CrystalBuild.exe(1)	Warning	0	 - WARNING: Style contains image reference: expBarBackground
1585993	CrystalBuild.exe(1)	Warning	0	 - WARNING: Style contains image reference: expBar
1587388	CrystalBuild.exe(1)	Warning	0	 - WARNING: Style contains image reference: expBarBorder
1588617	CrystalBuild.exe(1)	Warning	0	 - WARNING: Style contains image reference: stoneButton
1589696	CrystalBuild.exe(1)	Warning	0	 - WARNING: Style contains image reference: battleLevelButton
1591126	CrystalBuild.exe(1)	Warning	0	 - WARNING: Style contains image reference: attackButton
1592484	CrystalBuild.exe(1)	Warning	0	 - WARNING: Style contains image reference: characterWindowButton
1593738	CrystalBuild.exe(1)	Warning	0	 - WARNING: Style contains image reference: mercenariesWindowButton
1594984	CrystalBuild.exe(1)	Warning	0	 - WARNING: Style contains image reference: upgradesWindowButton
1596017	CrystalBuild.exe(1)	Warning	0	 - WARNING: Style contains image reference: upgradesWindowButtonGlow
1597154	CrystalBuild.exe(1)	Warning	0	 - WARNING: Style contains image reference: questsWindowButton
1599254	CrystalBuild.exe(1)	Warning	0	 - WARNING: Style contains image reference: questsWindowButtonGlow
1600568	CrystalBuild.exe(1)	Warning	0	 - WARNING: Style contains image reference: craftingWindowButton
1602476	CrystalBuild.exe(1)	Warning	0	 - WARNING: Style contains image reference: inventoryWindowButton
1604541	CrystalBuild.exe(1)	Warning	0	 - WARNING: Style contains image reference: inventoryWindow
1606650	CrystalBuild.exe(1)	Warning	0	 - WARNING: Style contains image reference: closeButton
1608879	CrystalBuild.exe(1)	Warning	0	 - WARNING: Style contains image reference: characterWindow
1611189	CrystalBuild.exe(1)	Warning	0	 - WARNING: Style contains image reference: mercenariesWindow
1613408	CrystalBuild.exe(1)	Warning	0	 - WARNING: Style contains image reference: buyButton
1615555	CrystalBuild.exe(1)	Warning	0	 - WARNING: Style contains image reference: footmanIcon
1626554	CrystalBuild.exe(1)	Warning	0	 - WARNING: Style contains image reference: clericIcon
1632427	CrystalBuild.exe(1)	Warning	0	 - WARNING: Style contains image reference: commanderIcon
1634014	CrystalBuild.exe(1)	Warning	0	 - WARNING: Style contains image reference: mageIcon
1635324	CrystalBuild.exe(1)	Warning	0	 - WARNING: Style contains image reference: assassinIcon
1636667	CrystalBuild.exe(1)	Warning	0	 - WARNING: Style contains image reference: warlockIcon
1638268	CrystalBuild.exe(1)	Warning	0	 - WARNING: Style contains image reference: upgradesWindow
1640873	CrystalBuild.exe(1)	Warning	0	 - WARNING: Style contains image reference: questsWindow
1643182	CrystalBuild.exe(1)	Warning	0	 - WARNING: Style contains image reference: statUpgradesWindow
1644238	CrystalBuild.exe(1)	Warning	0	 - WARNING: Style contains image reference: statUpgradeButton
1645609	CrystalBuild.exe(1)	Warning	0	 - WARNING: Style contains image reference: statIcon
1646695	CrystalBuild.exe(1)	Warning	0	 - WARNING: Style contains image reference: abilityUpgradesWindow
1648040	CrystalBuild.exe(1)	Warning	0	 - WARNING: Style contains image reference: abilityUpgradeButton
1649137	CrystalBuild.exe(1)	Warning	0	 - WARNING: Style contains image reference: rendIcon
1650220	CrystalBuild.exe(1)	Warning	0	 - WARNING: Style contains image reference: rejuvenatingStrikesIcon
1651302	CrystalBuild.exe(1)	Warning	0	 - WARNING: Style contains image reference: iceBladeIcon
1652243	CrystalBuild.exe(1)	Warning	0	 - WARNING: Style contains image reference: fireBladeIcon
1653244	CrystalBuild.exe(1)	Error	0	 - ERROR: Duplicate style: resetConfirmWindowYesButton
1654412	CrystalBuild.exe(1)	Error	0	 - ERROR: Duplicate style: resetConfirmWindowNoButton
1655459	CrystalBuild.exe(1)	Error	0	 - ERROR: Duplicate style: optionsWindowOption
1656561	CrystalBuild.exe(1)	Error	0	 - ERROR: Duplicate style: inventoryWindowSellAllButton
1657607	CrystalBuild.exe(1)	Error	0	 - ERROR: Duplicate style: buyButton
1658768	CrystalBuild.exe(1)	Error	0	 - ERROR: Duplicate style: questName
1660081	CrystalBuild.exe(1)	Error	0	 - ERROR: Duplicate style: itemTooltipStats
1662121	CrystalBuild.exe(1)	Error	0	 - ERROR: Duplicate style: button
1663537	CrystalBuild.exe(1)	Error	0	 - ERROR: Duplicate style: checkbox
1664711	CrystalBuild.exe(1)	Error	0	 - ERROR: Duplicate style: checkbox
1665957	CrystalBuild.exe(1)	Error	0	 - ERROR: Duplicate style: checkbox
1666958	CrystalBuild.exe(1)	Error	0	 - ERROR: Included style not found, globalColorLightText in globalTextElement
1667937	N/A(1)	N/A	N/A	CrystalBuild.exe Information: 0 : 
1667992	N/A(1)	N/A	N/A	
1669001	CrystalBuild.exe(1)	Information	0	Building Style-sheets Done with 12 Errors, 52 Warnings


1677021	CrystalBuild.exe(1)	Information	0	Copying 37 Content into D:\Dev\EndlessBattleFC\vanilla\bin\debug\
