0	N/A(1)	N/A	N/A	CrystalBuild.exe Warning: 0 : 
11088	N/A(1)	N/A	N/A	No resources to register!
16050	N/A(1)	N/A	N/A	CrystalBuild.exe Warning: 0 : 
16378	N/A(1)	N/A	N/A	No data found to build!
43591	CrystalBuild.exe(1)	Information	0	Building 1 Templates into D:\Dev\EndlessBattleFC\vanilla\src\data\generated\templates.js
49535	CrystalBuild.exe(1)	Information	0	  emptyElement.html
69191	N/A(1)	N/A	N/A	CrystalBuild.exe Information: 0 : 
69371	N/A(1)	N/A	N/A	
69725	CrystalBuild.exe(1)	Information	0	Result for Building Templates
69917	N/A(1)	N/A	N/A	CrystalBuild.exe Information: 0 : 
70075	N/A(1)	N/A	N/A	 -------------------
71638	N/A(1)	N/A	N/A	CrystalBuild.exe Information: 0 : 
71698	N/A(1)	N/A	N/A	
71957	CrystalBuild.exe(1)	Information	0	Building Templates Done with 0 Errors, 0 Warnings


79159	CrystalBuild.exe(1)	Information	0	Building 30 Sources into D:\Dev\EndlessBattleFC\vanilla\bin\debug\endless.js
82395	CrystalBuild.exe(1)	Information	0	  system.js
131667	CrystalBuild.exe(1)	Information	0	  loader.js
134694	CrystalBuild.exe(1)	Information	0	  init.js
141928	CrystalBuild.exe(1)	Information	0	  assert.js
148247	CrystalBuild.exe(1)	Information	0	  base64.js
164328	CrystalBuild.exe(1)	Information	0	  component.js
226481	CrystalBuild.exe(1)	Information	0	  coreSave.js
277899	CrystalBuild.exe(1)	Information	0	  coreUtils.js
310960	CrystalBuild.exe(1)	Information	0	  eventAggregate.js
316770	CrystalBuild.exe(1)	Information	0	  gameTime.js
322098	CrystalBuild.exe(1)	Information	0	  log.js
330706	CrystalBuild.exe(1)	Information	0	  lzw.js
347822	CrystalBuild.exe(1)	Information	0	  mathExtension.js
365889	CrystalBuild.exe(1)	Information	0	  type.js
391759	CrystalBuild.exe(1)	Information	0	  templates.js
393261	CrystalBuild.exe(1)	Information	0	  debug.js
407488	CrystalBuild.exe(1)	Information	0	  fbData.js
413985	CrystalBuild.exe(1)	Information	0	  fbMain.js
497591	CrystalBuild.exe(1)	Information	0	  fmMain.js
522244	CrystalBuild.exe(1)	Information	0	  game.js
579069	CrystalBuild.exe(1)	Information	0	  legacyGame.js
1092998	CrystalBuild.exe(1)	Information	0	  save.js
1100093	CrystalBuild.exe(1)	Information	0	  saveKeys.js
1107162	CrystalBuild.exe(1)	Information	0	  settings.js
1113039	CrystalBuild.exe(1)	Information	0	  staticData.js
1116019	CrystalBuild.exe(1)	Information	0	  utils.js
1126895	CrystalBuild.exe(1)	Information	0	  templateProvider.js
1134777	CrystalBuild.exe(1)	Information	0	  userInterface.js
1221031	CrystalBuild.exe(1)	Information	0	  combatLog.js
1264113	CrystalBuild.exe(1)	Information	0	  main.js
1407677	N/A(1)	N/A	N/A	CrystalBuild.exe Information: 0 : 
1407794	N/A(1)	N/A	N/A	
1408532	CrystalBuild.exe(1)	Information	0	Result for Building Sources
1409848	N/A(1)	N/A	N/A	CrystalBuild.exe Information: 0 : 
1409924	N/A(1)	N/A	N/A	 -------------------
1410894	N/A(1)	N/A	N/A	CrystalBuild.exe Information: 0 : 
1410966	N/A(1)	N/A	N/A	
1411995	CrystalBuild.exe(1)	Information	0	Building Sources Done with 0 Errors, 0 Warnings


1415530	CrystalBuild.exe(1)	Information	0	Building 4 Style-sheets into D:\Dev\EndlessBattleFC\vanilla\bin\debug\endless.css
1418882	CrystalBuild.exe(1)	Information	0	  common.css
1420458	CrystalBuild.exe(1)	Information	0	  layout.css
1421597	CrystalBuild.exe(1)	Information	0	  system.css
1432423	CrystalBuild.exe(1)	Information	0	  combatLog.css
1510577	N/A(1)	N/A	N/A	CrystalBuild.exe Information: 0 : 
1510689	N/A(1)	N/A	N/A	
1511412	CrystalBuild.exe(1)	Information	0	Result for Building Style-sheets
1512933	N/A(1)	N/A	N/A	CrystalBuild.exe Information: 0 : 
1512989	N/A(1)	N/A	N/A	 -------------------
1514057	CrystalBuild.exe(1)	Warning	0	 - WARNING: Style contains image reference: resetConfirmWindow
1515290	CrystalBuild.exe(1)	Warning	0	 - WARNING: Style contains image reference: navBarWindow
1516386	CrystalBuild.exe(1)	Warning	0	 - WARNING: Style contains image reference: goldCoin
1517459	CrystalBuild.exe(1)	Warning	0	 - WARNING: Style contains image reference: expOrb
1518761	CrystalBuild.exe(1)	Warning	0	 - WARNING: Style contains image reference: powerShard
1519749	CrystalBuild.exe(1)	Warning	0	 - WARNING: Style contains image reference: bleedingIcon
1520723	CrystalBuild.exe(1)	Warning	0	 - WARNING: Style contains image reference: burningIcon
1521929	CrystalBuild.exe(1)	Warning	0	 - WARNING: Style contains image reference: chilledIcon
1523122	CrystalBuild.exe(1)	Warning	0	 - WARNING: Style contains image reference: smallBarBackground
1524144	CrystalBuild.exe(1)	Warning	0	 - WARNING: Style contains image reference: smallBarBorder
1525521	CrystalBuild.exe(1)	Warning	0	 - WARNING: Style contains image reference: playerHealthBar
1526563	CrystalBuild.exe(1)	Warning	0	 - WARNING: Style contains image reference: resurrectionBar
1527494	CrystalBuild.exe(1)	Warning	0	 - WARNING: Style contains image reference: monsterHealthBar
1528525	CrystalBuild.exe(1)	Warning	0	 - WARNING: Style contains image reference: eventButton
1529519	CrystalBuild.exe(1)	Warning	0	 - WARNING: Style contains image reference: buffIcon
1530485	CrystalBuild.exe(1)	Warning	0	 - WARNING: Style contains image reference: buffBar
1531578	CrystalBuild.exe(1)	Warning	0	 - WARNING: Style contains image reference: expBarBackground
1532562	CrystalBuild.exe(1)	Warning	0	 - WARNING: Style contains image reference: expBar
1533509	CrystalBuild.exe(1)	Warning	0	 - WARNING: Style contains image reference: expBarBorder
1534555	CrystalBuild.exe(1)	Warning	0	 - WARNING: Style contains image reference: stoneButton
1535741	CrystalBuild.exe(1)	Warning	0	 - WARNING: Style contains image reference: battleLevelButton
1549845	CrystalBuild.exe(1)	Warning	0	 - WARNING: Style contains image reference: attackButton
1551107	CrystalBuild.exe(1)	Warning	0	 - WARNING: Style contains image reference: characterWindowButton
1552353	CrystalBuild.exe(1)	Warning	0	 - WARNING: Style contains image reference: mercenariesWindowButton
1553471	CrystalBuild.exe(1)	Warning	0	 - WARNING: Style contains image reference: upgradesWindowButton
1554616	CrystalBuild.exe(1)	Warning	0	 - WARNING: Style contains image reference: upgradesWindowButtonGlow
1555953	CrystalBuild.exe(1)	Warning	0	 - WARNING: Style contains image reference: questsWindowButton
1557257	CrystalBuild.exe(1)	Warning	0	 - WARNING: Style contains image reference: questsWindowButtonGlow
1558835	CrystalBuild.exe(1)	Warning	0	 - WARNING: Style contains image reference: craftingWindowButton
1559972	CrystalBuild.exe(1)	Warning	0	 - WARNING: Style contains image reference: inventoryWindowButton
1561117	CrystalBuild.exe(1)	Warning	0	 - WARNING: Style contains image reference: inventoryWindow
1562647	CrystalBuild.exe(1)	Warning	0	 - WARNING: Style contains image reference: closeButton
1563920	CrystalBuild.exe(1)	Warning	0	 - WARNING: Style contains image reference: characterWindow
1565096	CrystalBuild.exe(1)	Warning	0	 - WARNING: Style contains image reference: mercenariesWindow
1566400	CrystalBuild.exe(1)	Warning	0	 - WARNING: Style contains image reference: buyButton
1567700	CrystalBuild.exe(1)	Warning	0	 - WARNING: Style contains image reference: footmanIcon
1571909	CrystalBuild.exe(1)	Warning	0	 - WARNING: Style contains image reference: clericIcon
1574059	CrystalBuild.exe(1)	Warning	0	 - WARNING: Style contains image reference: commanderIcon
1575202	CrystalBuild.exe(1)	Warning	0	 - WARNING: Style contains image reference: mageIcon
1576563	CrystalBuild.exe(1)	Warning	0	 - WARNING: Style contains image reference: assassinIcon
1578321	CrystalBuild.exe(1)	Warning	0	 - WARNING: Style contains image reference: warlockIcon
1579536	CrystalBuild.exe(1)	Warning	0	 - WARNING: Style contains image reference: upgradesWindow
1580930	CrystalBuild.exe(1)	Warning	0	 - WARNING: Style contains image reference: questsWindow
1581910	CrystalBuild.exe(1)	Warning	0	 - WARNING: Style contains image reference: statUpgradesWindow
1582944	CrystalBuild.exe(1)	Warning	0	 - WARNING: Style contains image reference: statUpgradeButton
1584107	CrystalBuild.exe(1)	Warning	0	 - WARNING: Style contains image reference: statIcon
1585132	CrystalBuild.exe(1)	Warning	0	 - WARNING: Style contains image reference: abilityUpgradesWindow
1586459	CrystalBuild.exe(1)	Warning	0	 - WARNING: Style contains image reference: abilityUpgradeButton
1587718	CrystalBuild.exe(1)	Warning	0	 - WARNING: Style contains image reference: rendIcon
1588702	CrystalBuild.exe(1)	Warning	0	 - WARNING: Style contains image reference: rejuvenatingStrikesIcon
1589819	CrystalBuild.exe(1)	Warning	0	 - WARNING: Style contains image reference: iceBladeIcon
1590783	CrystalBuild.exe(1)	Warning	0	 - WARNING: Style contains image reference: fireBladeIcon
1591755	CrystalBuild.exe(1)	Error	0	 - ERROR: Duplicate style: resetConfirmWindowYesButton
1592797	CrystalBuild.exe(1)	Error	0	 - ERROR: Duplicate style: resetConfirmWindowNoButton
1593819	CrystalBuild.exe(1)	Error	0	 - ERROR: Duplicate style: optionsWindowOption
1594832	CrystalBuild.exe(1)	Error	0	 - ERROR: Duplicate style: inventoryWindowSellAllButton
1596112	CrystalBuild.exe(1)	Error	0	 - ERROR: Duplicate style: buyButton
1597656	CrystalBuild.exe(1)	Error	0	 - ERROR: Duplicate style: questName
1598852	CrystalBuild.exe(1)	Error	0	 - ERROR: Duplicate style: itemTooltipStats
1600253	CrystalBuild.exe(1)	Error	0	 - ERROR: Duplicate style: button
1601429	CrystalBuild.exe(1)	Error	0	 - ERROR: Duplicate style: checkbox
1602386	CrystalBuild.exe(1)	Error	0	 - ERROR: Duplicate style: checkbox
1603633	CrystalBuild.exe(1)	Error	0	 - ERROR: Duplicate style: checkbox
1605420	CrystalBuild.exe(1)	Error	0	 - ERROR: Included style not found, globalColorLightText in globalTextElement
1609392	N/A(1)	N/A	N/A	CrystalBuild.exe Information: 0 : 
1609514	N/A(1)	N/A	N/A	
1612214	CrystalBuild.exe(1)	Information	0	Building Style-sheets Done with 12 Errors, 52 Warnings


1624962	CrystalBuild.exe(1)	Information	0	Copying 37 Content into D:\Dev\EndlessBattleFC\vanilla\bin\debug\
