0	N/A(1)	N/A	N/A	CrystalBuild.exe Warning: 0 : 
11112	N/A(1)	N/A	N/A	No resources to register!
14969	N/A(1)	N/A	N/A	CrystalBuild.exe Warning: 0 : 
15076	N/A(1)	N/A	N/A	No data found to build!
35911	CrystalBuild.exe(1)	Information	0	Building 1 Templates into D:\Dev\EndlessBattleFC\vanilla\src\data\generated\templates.js
41742	CrystalBuild.exe(1)	Information	0	  emptyElement.html
59608	N/A(1)	N/A	N/A	CrystalBuild.exe Information: 0 : 
59730	N/A(1)	N/A	N/A	
60070	CrystalBuild.exe(1)	Information	0	Result for Building Templates
60362	N/A(1)	N/A	N/A	CrystalBuild.exe Information: 0 : 
60550	N/A(1)	N/A	N/A	 -------------------
62042	N/A(1)	N/A	N/A	CrystalBuild.exe Information: 0 : 
62102	N/A(1)	N/A	N/A	
62370	CrystalBuild.exe(1)	Information	0	Building Templates Done with 0 Errors, 0 Warnings


69691	CrystalBuild.exe(1)	Information	0	Building 30 Sources into D:\Dev\EndlessBattleFC\vanilla\bin\release\endless_raw.js
71719	CrystalBuild.exe(1)	Information	0	  system.js
121289	CrystalBuild.exe(1)	Information	0	  loader.js
124293	CrystalBuild.exe(1)	Information	0	  init.js
131695	CrystalBuild.exe(1)	Information	0	  assert.js
138004	CrystalBuild.exe(1)	Information	0	  base64.js
156819	CrystalBuild.exe(1)	Information	0	  component.js
208628	CrystalBuild.exe(1)	Information	0	  coreSave.js
250413	CrystalBuild.exe(1)	Information	0	  coreUtils.js
282707	CrystalBuild.exe(1)	Information	0	  eventAggregate.js
288429	CrystalBuild.exe(1)	Information	0	  gameTime.js
292797	CrystalBuild.exe(1)	Information	0	  log.js
300964	CrystalBuild.exe(1)	Information	0	  lzw.js
317309	CrystalBuild.exe(1)	Information	0	  mathExtension.js
442514	CrystalBuild.exe(1)	Information	0	  type.js
477830	CrystalBuild.exe(1)	Information	0	  templates.js
479965	CrystalBuild.exe(1)	Information	0	  debug.js
498890	CrystalBuild.exe(1)	Information	0	  fbData.js
505736	CrystalBuild.exe(1)	Information	0	  fbMain.js
612141	CrystalBuild.exe(1)	Information	0	  fmMain.js
642087	CrystalBuild.exe(1)	Information	0	  game.js
706049	CrystalBuild.exe(1)	Information	0	  legacyGame.js
1370970	CrystalBuild.exe(1)	Information	0	  save.js
1383344	CrystalBuild.exe(1)	Information	0	  saveKeys.js
1392025	CrystalBuild.exe(1)	Information	0	  settings.js
1400346	CrystalBuild.exe(1)	Information	0	  staticData.js
1408982	CrystalBuild.exe(1)	Information	0	  utils.js
1509631	CrystalBuild.exe(1)	Information	0	  templateProvider.js
1519394	CrystalBuild.exe(1)	Information	0	  userInterface.js
1595787	CrystalBuild.exe(1)	Information	0	  combatLog.js
1624465	CrystalBuild.exe(1)	Information	0	  main.js
1803348	N/A(1)	N/A	N/A	CrystalBuild.exe Information: 0 : 
1803474	N/A(1)	N/A	N/A	
1804412	CrystalBuild.exe(1)	Information	0	Result for Building Sources
1806111	N/A(1)	N/A	N/A	CrystalBuild.exe Information: 0 : 
1806273	N/A(1)	N/A	N/A	 -------------------
1808074	N/A(1)	N/A	N/A	CrystalBuild.exe Information: 0 : 
1808149	N/A(1)	N/A	N/A	
1809192	CrystalBuild.exe(1)	Information	0	Building Sources Done with 0 Errors, 0 Warnings


14400446	CrystalBuild.exe(1)	Information	0	Building 4 Style-sheets into D:\Dev\EndlessBattleFC\vanilla\bin\release\endless.css
14409865	CrystalBuild.exe(1)	Information	0	  common.css
14414883	CrystalBuild.exe(1)	Information	0	  layout.css
14417124	CrystalBuild.exe(1)	Information	0	  system.css
14418805	CrystalBuild.exe(1)	Information	0	  combatLog.css
14503569	N/A(1)	N/A	N/A	CrystalBuild.exe Information: 0 : 
14503781	N/A(1)	N/A	N/A	
14519216	CrystalBuild.exe(1)	Information	0	Result for Building Style-sheets
14521617	N/A(1)	N/A	N/A	CrystalBuild.exe Information: 0 : 
14521693	N/A(1)	N/A	N/A	 -------------------
14523567	CrystalBuild.exe(1)	Warning	0	 - WARNING: Style contains image reference: resetConfirmWindow
14525869	CrystalBuild.exe(1)	Warning	0	 - WARNING: Style contains image reference: navBarWindow
14527464	CrystalBuild.exe(1)	Warning	0	 - WARNING: Style contains image reference: goldCoin
14529031	CrystalBuild.exe(1)	Warning	0	 - WARNING: Style contains image reference: expOrb
14530497	CrystalBuild.exe(1)	Warning	0	 - WARNING: Style contains image reference: powerShard
14531894	CrystalBuild.exe(1)	Warning	0	 - WARNING: Style contains image reference: bleedingIcon
14533785	CrystalBuild.exe(1)	Warning	0	 - WARNING: Style contains image reference: burningIcon
14535906	CrystalBuild.exe(1)	Warning	0	 - WARNING: Style contains image reference: chilledIcon
14537632	CrystalBuild.exe(1)	Warning	0	 - WARNING: Style contains image reference: smallBarBackground
14539394	CrystalBuild.exe(1)	Warning	0	 - WARNING: Style contains image reference: smallBarBorder
14541519	CrystalBuild.exe(1)	Warning	0	 - WARNING: Style contains image reference: playerHealthBar
14545501	CrystalBuild.exe(1)	Warning	0	 - WARNING: Style contains image reference: resurrectionBar
14547919	CrystalBuild.exe(1)	Warning	0	 - WARNING: Style contains image reference: monsterHealthBar
14549942	CrystalBuild.exe(1)	Warning	0	 - WARNING: Style contains image reference: eventButton
14551706	CrystalBuild.exe(1)	Warning	0	 - WARNING: Style contains image reference: buffIcon
14553259	CrystalBuild.exe(1)	Warning	0	 - WARNING: Style contains image reference: buffBar
14554712	CrystalBuild.exe(1)	Warning	0	 - WARNING: Style contains image reference: expBarBackground
14556241	CrystalBuild.exe(1)	Warning	0	 - WARNING: Style contains image reference: expBar
14558188	CrystalBuild.exe(1)	Warning	0	 - WARNING: Style contains image reference: expBarBorder
14575629	CrystalBuild.exe(1)	Warning	0	 - WARNING: Style contains image reference: stoneButton
14578040	CrystalBuild.exe(1)	Warning	0	 - WARNING: Style contains image reference: battleLevelButton
14579780	CrystalBuild.exe(1)	Warning	0	 - WARNING: Style contains image reference: attackButton
14581695	CrystalBuild.exe(1)	Warning	0	 - WARNING: Style contains image reference: characterWindowButton
14583379	CrystalBuild.exe(1)	Warning	0	 - WARNING: Style contains image reference: mercenariesWindowButton
14585299	CrystalBuild.exe(1)	Warning	0	 - WARNING: Style contains image reference: upgradesWindowButton
14588383	CrystalBuild.exe(1)	Warning	0	 - WARNING: Style contains image reference: upgradesWindowButtonGlow
14590542	CrystalBuild.exe(1)	Warning	0	 - WARNING: Style contains image reference: questsWindowButton
14592125	CrystalBuild.exe(1)	Warning	0	 - WARNING: Style contains image reference: questsWindowButtonGlow
14593652	CrystalBuild.exe(1)	Warning	0	 - WARNING: Style contains image reference: craftingWindowButton
14595544	CrystalBuild.exe(1)	Warning	0	 - WARNING: Style contains image reference: inventoryWindowButton
14597331	CrystalBuild.exe(1)	Warning	0	 - WARNING: Style contains image reference: inventoryWindow
14599249	CrystalBuild.exe(1)	Warning	0	 - WARNING: Style contains image reference: closeButton
14601834	CrystalBuild.exe(1)	Warning	0	 - WARNING: Style contains image reference: characterWindow
14603650	CrystalBuild.exe(1)	Warning	0	 - WARNING: Style contains image reference: mercenariesWindow
14605914	CrystalBuild.exe(1)	Warning	0	 - WARNING: Style contains image reference: buyButton
14607794	CrystalBuild.exe(1)	Warning	0	 - WARNING: Style contains image reference: footmanIcon
14609699	CrystalBuild.exe(1)	Warning	0	 - WARNING: Style contains image reference: clericIcon
14611309	CrystalBuild.exe(1)	Warning	0	 - WARNING: Style contains image reference: commanderIcon
14613150	CrystalBuild.exe(1)	Warning	0	 - WARNING: Style contains image reference: mageIcon
14614931	CrystalBuild.exe(1)	Warning	0	 - WARNING: Style contains image reference: assassinIcon
14632575	CrystalBuild.exe(1)	Warning	0	 - WARNING: Style contains image reference: warlockIcon
14635339	CrystalBuild.exe(1)	Warning	0	 - WARNING: Style contains image reference: upgradesWindow
14637104	CrystalBuild.exe(1)	Warning	0	 - WARNING: Style contains image reference: questsWindow
14639117	CrystalBuild.exe(1)	Warning	0	 - WARNING: Style contains image reference: statUpgradesWindow
14641245	CrystalBuild.exe(1)	Warning	0	 - WARNING: Style contains image reference: statUpgradeButton
14643438	CrystalBuild.exe(1)	Warning	0	 - WARNING: Style contains image reference: statIcon
14648365	CrystalBuild.exe(1)	Warning	0	 - WARNING: Style contains image reference: abilityUpgradesWindow
14652531	CrystalBuild.exe(1)	Warning	0	 - WARNING: Style contains image reference: abilityUpgradeButton
14656264	CrystalBuild.exe(1)	Warning	0	 - WARNING: Style contains image reference: rendIcon
14659207	CrystalBuild.exe(1)	Warning	0	 - WARNING: Style contains image reference: rejuvenatingStrikesIcon
14662846	CrystalBuild.exe(1)	Warning	0	 - WARNING: Style contains image reference: iceBladeIcon
14664520	CrystalBuild.exe(1)	Warning	0	 - WARNING: Style contains image reference: fireBladeIcon
14666412	CrystalBuild.exe(1)	Error	0	 - ERROR: Duplicate style: resetConfirmWindowYesButton
14668272	CrystalBuild.exe(1)	Error	0	 - ERROR: Duplicate style: resetConfirmWindowNoButton
14669885	CrystalBuild.exe(1)	Error	0	 - ERROR: Duplicate style: optionsWindowOption
14671608	CrystalBuild.exe(1)	Error	0	 - ERROR: Duplicate style: inventoryWindowSellAllButton
14687965	CrystalBuild.exe(1)	Error	0	 - ERROR: Duplicate style: buyButton
14690627	CrystalBuild.exe(1)	Error	0	 - ERROR: Duplicate style: questName
14692547	CrystalBuild.exe(1)	Error	0	 - ERROR: Duplicate style: itemTooltipStats
14694587	CrystalBuild.exe(1)	Error	0	 - ERROR: Duplicate style: button
14696512	CrystalBuild.exe(1)	Error	0	 - ERROR: Duplicate style: checkbox
14698427	CrystalBuild.exe(1)	Error	0	 - ERROR: Duplicate style: checkbox
14702596	CrystalBuild.exe(1)	Error	0	 - ERROR: Duplicate style: checkbox
14704689	CrystalBuild.exe(1)	Error	0	 - ERROR: Included style not found, globalColorLightText in globalTextElement
14706353	N/A(1)	N/A	N/A	CrystalBuild.exe Information: 0 : 
14706427	N/A(1)	N/A	N/A	
14708062	CrystalBuild.exe(1)	Information	0	Building Style-sheets Done with 12 Errors, 52 Warnings


14719517	CrystalBuild.exe(1)	Information	0	Copying 37 Content into D:\Dev\EndlessBattleFC\vanilla\bin\release\
