0	N/A(1)	N/A	N/A	CrystalBuild.exe Warning: 0 : 
15683	N/A(1)	N/A	N/A	No resources to register!
21058	N/A(1)	N/A	N/A	CrystalBuild.exe Warning: 0 : 
21201	N/A(1)	N/A	N/A	No data found to build!
51833	CrystalBuild.exe(1)	Information	0	Building 1 Templates into D:\Dev\EndlessBattleFC\vanilla\src\data\generated\templates.js
60333	CrystalBuild.exe(1)	Information	0	  emptyElement.html
88049	N/A(1)	N/A	N/A	CrystalBuild.exe Information: 0 : 
88257	N/A(1)	N/A	N/A	
88730	CrystalBuild.exe(1)	Information	0	Result for Building Templates
89261	N/A(1)	N/A	N/A	CrystalBuild.exe Information: 0 : 
89656	N/A(1)	N/A	N/A	 -------------------
92181	N/A(1)	N/A	N/A	CrystalBuild.exe Information: 0 : 
92261	N/A(1)	N/A	N/A	
92842	CrystalBuild.exe(1)	Information	0	Building Templates Done with 0 Errors, 0 Warnings


105806	CrystalBuild.exe(1)	Information	0	Building 30 Sources into D:\Dev\EndlessBattleFC\vanilla\bin\release\endless_raw.js
109556	CrystalBuild.exe(1)	Information	0	  system.js
182525	CrystalBuild.exe(1)	Information	0	  loader.js
187415	CrystalBuild.exe(1)	Information	0	  init.js
197348	CrystalBuild.exe(1)	Information	0	  assert.js
208565	CrystalBuild.exe(1)	Information	0	  base64.js
236929	CrystalBuild.exe(1)	Information	0	  component.js
334905	CrystalBuild.exe(1)	Information	0	  coreSave.js
408561	CrystalBuild.exe(1)	Information	0	  coreUtils.js
463314	CrystalBuild.exe(1)	Information	0	  eventAggregate.js
470482	CrystalBuild.exe(1)	Information	0	  gameTime.js
475748	CrystalBuild.exe(1)	Information	0	  log.js
488348	CrystalBuild.exe(1)	Information	0	  lzw.js
514953	CrystalBuild.exe(1)	Information	0	  mathExtension.js
537127	CrystalBuild.exe(1)	Information	0	  type.js
568288	CrystalBuild.exe(1)	Information	0	  templates.js
570240	CrystalBuild.exe(1)	Information	0	  debug.js
588109	CrystalBuild.exe(1)	Information	0	  fbData.js
594508	CrystalBuild.exe(1)	Information	0	  fbMain.js
716251	CrystalBuild.exe(1)	Information	0	  fmMain.js
761409	CrystalBuild.exe(1)	Information	0	  game.js
838558	CrystalBuild.exe(1)	Information	0	  legacyGame.js
1555273	CrystalBuild.exe(1)	Information	0	  save.js
1563332	CrystalBuild.exe(1)	Information	0	  saveKeys.js
1571362	CrystalBuild.exe(1)	Information	0	  settings.js
1579070	CrystalBuild.exe(1)	Information	0	  staticData.js
1588292	CrystalBuild.exe(1)	Information	0	  utils.js
1608263	CrystalBuild.exe(1)	Information	0	  templateProvider.js
1614584	CrystalBuild.exe(1)	Information	0	  userInterface.js
1714618	CrystalBuild.exe(1)	Information	0	  combatLog.js
1757499	CrystalBuild.exe(1)	Information	0	  main.js
1910939	N/A(1)	N/A	N/A	CrystalBuild.exe Information: 0 : 
1911074	N/A(1)	N/A	N/A	
1911836	CrystalBuild.exe(1)	Information	0	Result for Building Sources
1926151	N/A(1)	N/A	N/A	CrystalBuild.exe Information: 0 : 
1926270	N/A(1)	N/A	N/A	 -------------------
1928202	N/A(1)	N/A	N/A	CrystalBuild.exe Information: 0 : 
1928270	N/A(1)	N/A	N/A	
1930364	CrystalBuild.exe(1)	Information	0	Building Sources Done with 0 Errors, 0 Warnings


11333339	CrystalBuild.exe(1)	Information	0	Building 4 Style-sheets into D:\Dev\EndlessBattleFC\vanilla\bin\release\endless.css
11338531	CrystalBuild.exe(1)	Information	0	  common.css
11340262	CrystalBuild.exe(1)	Information	0	  layout.css
11341343	CrystalBuild.exe(1)	Information	0	  system.css
11342200	CrystalBuild.exe(1)	Information	0	  combatLog.css
11422702	N/A(1)	N/A	N/A	CrystalBuild.exe Information: 0 : 
11422785	N/A(1)	N/A	N/A	
11423084	CrystalBuild.exe(1)	Information	0	Result for Building Style-sheets
11424000	N/A(1)	N/A	N/A	CrystalBuild.exe Information: 0 : 
11424053	N/A(1)	N/A	N/A	 -------------------
11424734	CrystalBuild.exe(1)	Warning	0	 - WARNING: Style contains image reference: resetConfirmWindow
11425383	CrystalBuild.exe(1)	Warning	0	 - WARNING: Style contains image reference: navBarWindow
11426390	CrystalBuild.exe(1)	Warning	0	 - WARNING: Style contains image reference: goldCoin
11427100	CrystalBuild.exe(1)	Warning	0	 - WARNING: Style contains image reference: expOrb
11427860	CrystalBuild.exe(1)	Warning	0	 - WARNING: Style contains image reference: powerShard
11428835	CrystalBuild.exe(1)	Warning	0	 - WARNING: Style contains image reference: bleedingIcon
11429551	CrystalBuild.exe(1)	Warning	0	 - WARNING: Style contains image reference: burningIcon
11430258	CrystalBuild.exe(1)	Warning	0	 - WARNING: Style contains image reference: chilledIcon
11431274	CrystalBuild.exe(1)	Warning	0	 - WARNING: Style contains image reference: smallBarBackground
11432197	CrystalBuild.exe(1)	Warning	0	 - WARNING: Style contains image reference: smallBarBorder
11433127	CrystalBuild.exe(1)	Warning	0	 - WARNING: Style contains image reference: playerHealthBar
11433954	CrystalBuild.exe(1)	Warning	0	 - WARNING: Style contains image reference: resurrectionBar
11434935	CrystalBuild.exe(1)	Warning	0	 - WARNING: Style contains image reference: monsterHealthBar
11435856	CrystalBuild.exe(1)	Warning	0	 - WARNING: Style contains image reference: eventButton
11436730	CrystalBuild.exe(1)	Warning	0	 - WARNING: Style contains image reference: buffIcon
11437620	CrystalBuild.exe(1)	Warning	0	 - WARNING: Style contains image reference: buffBar
11438933	CrystalBuild.exe(1)	Warning	0	 - WARNING: Style contains image reference: expBarBackground
11439701	CrystalBuild.exe(1)	Warning	0	 - WARNING: Style contains image reference: expBar
11440280	CrystalBuild.exe(1)	Warning	0	 - WARNING: Style contains image reference: expBarBorder
11440857	CrystalBuild.exe(1)	Warning	0	 - WARNING: Style contains image reference: stoneButton
11441426	CrystalBuild.exe(1)	Warning	0	 - WARNING: Style contains image reference: battleLevelButton
11441989	CrystalBuild.exe(1)	Warning	0	 - WARNING: Style contains image reference: attackButton
11442856	CrystalBuild.exe(1)	Warning	0	 - WARNING: Style contains image reference: characterWindowButton
11443644	CrystalBuild.exe(1)	Warning	0	 - WARNING: Style contains image reference: mercenariesWindowButton
11444575	CrystalBuild.exe(1)	Warning	0	 - WARNING: Style contains image reference: upgradesWindowButton
11445538	CrystalBuild.exe(1)	Warning	0	 - WARNING: Style contains image reference: upgradesWindowButtonGlow
11446532	CrystalBuild.exe(1)	Warning	0	 - WARNING: Style contains image reference: questsWindowButton
11447320	CrystalBuild.exe(1)	Warning	0	 - WARNING: Style contains image reference: questsWindowButtonGlow
11448150	CrystalBuild.exe(1)	Warning	0	 - WARNING: Style contains image reference: craftingWindowButton
11448903	CrystalBuild.exe(1)	Warning	0	 - WARNING: Style contains image reference: inventoryWindowButton
11450381	CrystalBuild.exe(1)	Warning	0	 - WARNING: Style contains image reference: inventoryWindow
11451160	CrystalBuild.exe(1)	Warning	0	 - WARNING: Style contains image reference: closeButton
11451878	CrystalBuild.exe(1)	Warning	0	 - WARNING: Style contains image reference: characterWindow
11452562	CrystalBuild.exe(1)	Warning	0	 - WARNING: Style contains image reference: mercenariesWindow
11453901	CrystalBuild.exe(1)	Warning	0	 - WARNING: Style contains image reference: buyButton
11454870	CrystalBuild.exe(1)	Warning	0	 - WARNING: Style contains image reference: footmanIcon
11455898	CrystalBuild.exe(1)	Warning	0	 - WARNING: Style contains image reference: clericIcon
11456969	CrystalBuild.exe(1)	Warning	0	 - WARNING: Style contains image reference: commanderIcon
11458402	CrystalBuild.exe(1)	Warning	0	 - WARNING: Style contains image reference: mageIcon
11459252	CrystalBuild.exe(1)	Warning	0	 - WARNING: Style contains image reference: assassinIcon
11460366	CrystalBuild.exe(1)	Warning	0	 - WARNING: Style contains image reference: warlockIcon
11461341	CrystalBuild.exe(1)	Warning	0	 - WARNING: Style contains image reference: upgradesWindow
11462244	CrystalBuild.exe(1)	Warning	0	 - WARNING: Style contains image reference: questsWindow
11463232	CrystalBuild.exe(1)	Warning	0	 - WARNING: Style contains image reference: statUpgradesWindow
11464332	CrystalBuild.exe(1)	Warning	0	 - WARNING: Style contains image reference: statUpgradeButton
11465219	CrystalBuild.exe(1)	Warning	0	 - WARNING: Style contains image reference: statIcon
11466393	CrystalBuild.exe(1)	Warning	0	 - WARNING: Style contains image reference: abilityUpgradesWindow
11467230	CrystalBuild.exe(1)	Warning	0	 - WARNING: Style contains image reference: abilityUpgradeButton
11467941	CrystalBuild.exe(1)	Warning	0	 - WARNING: Style contains image reference: rendIcon
11468621	CrystalBuild.exe(1)	Warning	0	 - WARNING: Style contains image reference: rejuvenatingStrikesIcon
11469359	CrystalBuild.exe(1)	Warning	0	 - WARNING: Style contains image reference: iceBladeIcon
11470025	CrystalBuild.exe(1)	Warning	0	 - WARNING: Style contains image reference: fireBladeIcon
11470650	CrystalBuild.exe(1)	Error	0	 - ERROR: Duplicate style: resetConfirmWindowYesButton
11471328	CrystalBuild.exe(1)	Error	0	 - ERROR: Duplicate style: resetConfirmWindowNoButton
11471891	CrystalBuild.exe(1)	Error	0	 - ERROR: Duplicate style: optionsWindowOption
11472468	CrystalBuild.exe(1)	Error	0	 - ERROR: Duplicate style: inventoryWindowSellAllButton
11473103	CrystalBuild.exe(1)	Error	0	 - ERROR: Duplicate style: buyButton
11473880	CrystalBuild.exe(1)	Error	0	 - ERROR: Duplicate style: questName
11474522	CrystalBuild.exe(1)	Error	0	 - ERROR: Duplicate style: itemTooltipStats
11475213	CrystalBuild.exe(1)	Error	0	 - ERROR: Duplicate style: button
11476127	CrystalBuild.exe(1)	Error	0	 - ERROR: Duplicate style: checkbox
11477120	CrystalBuild.exe(1)	Error	0	 - ERROR: Duplicate style: checkbox
11477980	CrystalBuild.exe(1)	Error	0	 - ERROR: Duplicate style: checkbox
11478860	CrystalBuild.exe(1)	Error	0	 - ERROR: Included style not found, globalColorLightText in globalTextElement
11479539	N/A(1)	N/A	N/A	CrystalBuild.exe Information: 0 : 
11479618	N/A(1)	N/A	N/A	
11480196	CrystalBuild.exe(1)	Information	0	Building Style-sheets Done with 12 Errors, 52 Warnings


11487353	CrystalBuild.exe(1)	Information	0	Copying 37 Content into D:\Dev\EndlessBattleFC\vanilla\bin\release\
