0	N/A(1)	N/A	N/A	CrystalBuild.exe Warning: 0 : 
14727	N/A(1)	N/A	N/A	No resources to register!
19607	N/A(1)	N/A	N/A	CrystalBuild.exe Warning: 0 : 
19799	N/A(1)	N/A	N/A	No data found to build!
46543	CrystalBuild.exe(1)	Information	0	Building 1 Templates into D:\Dev\EndlessBattleFC\vanilla\src\data\generated\templates.js
53460	CrystalBuild.exe(1)	Information	0	  emptyElement.html
78279	N/A(1)	N/A	N/A	CrystalBuild.exe Information: 0 : 
78434	N/A(1)	N/A	N/A	
78852	CrystalBuild.exe(1)	Information	0	Result for Building Templates
79167	N/A(1)	N/A	N/A	CrystalBuild.exe Information: 0 : 
79361	N/A(1)	N/A	N/A	 -------------------
81594	N/A(1)	N/A	N/A	CrystalBuild.exe Information: 0 : 
81673	N/A(1)	N/A	N/A	
82074	CrystalBuild.exe(1)	Information	0	Building Templates Done with 0 Errors, 0 Warnings


92372	CrystalBuild.exe(1)	Information	0	Building 30 Sources into D:\Dev\EndlessBattleFC\vanilla\bin\debug\endless.js
95099	CrystalBuild.exe(1)	Information	0	  system.js
153505	CrystalBuild.exe(1)	Information	0	  loader.js
157171	CrystalBuild.exe(1)	Information	0	  init.js
165974	CrystalBuild.exe(1)	Information	0	  assert.js
174292	CrystalBuild.exe(1)	Information	0	  base64.js
193421	CrystalBuild.exe(1)	Information	0	  component.js
259082	CrystalBuild.exe(1)	Information	0	  coreSave.js
306681	CrystalBuild.exe(1)	Information	0	  coreUtils.js
344427	CrystalBuild.exe(1)	Information	0	  eventAggregate.js
349421	CrystalBuild.exe(1)	Information	0	  gameTime.js
354577	CrystalBuild.exe(1)	Information	0	  log.js
364491	CrystalBuild.exe(1)	Information	0	  lzw.js
386090	CrystalBuild.exe(1)	Information	0	  mathExtension.js
401908	CrystalBuild.exe(1)	Information	0	  type.js
429577	CrystalBuild.exe(1)	Information	0	  templates.js
431306	CrystalBuild.exe(1)	Information	0	  debug.js
460025	CrystalBuild.exe(1)	Information	0	  fbData.js
466727	CrystalBuild.exe(1)	Information	0	  fbMain.js
563468	CrystalBuild.exe(1)	Information	0	  fmMain.js
595065	CrystalBuild.exe(1)	Information	0	  game.js
654349	CrystalBuild.exe(1)	Information	0	  legacyGame.js
1355847	CrystalBuild.exe(1)	Information	0	  save.js
1362138	CrystalBuild.exe(1)	Information	0	  saveKeys.js
1369856	CrystalBuild.exe(1)	Information	0	  settings.js
1378429	CrystalBuild.exe(1)	Information	0	  staticData.js
1381715	CrystalBuild.exe(1)	Information	0	  utils.js
1393109	CrystalBuild.exe(1)	Information	0	  templateProvider.js
1400854	CrystalBuild.exe(1)	Information	0	  userInterface.js
1503820	CrystalBuild.exe(1)	Information	0	  combatLog.js
1541142	CrystalBuild.exe(1)	Information	0	  main.js
1686211	N/A(1)	N/A	N/A	CrystalBuild.exe Information: 0 : 
1686415	N/A(1)	N/A	N/A	
1687207	CrystalBuild.exe(1)	Information	0	Result for Building Sources
1699855	N/A(1)	N/A	N/A	CrystalBuild.exe Information: 0 : 
1700007	N/A(1)	N/A	N/A	 -------------------
1701812	N/A(1)	N/A	N/A	CrystalBuild.exe Information: 0 : 
1701884	N/A(1)	N/A	N/A	
1702841	CrystalBuild.exe(1)	Information	0	Building Sources Done with 0 Errors, 0 Warnings


1707606	CrystalBuild.exe(1)	Information	0	Building 4 Style-sheets into D:\Dev\EndlessBattleFC\vanilla\bin\debug\endless.css
1712262	CrystalBuild.exe(1)	Information	0	  common.css
1714439	CrystalBuild.exe(1)	Information	0	  layout.css
1716139	CrystalBuild.exe(1)	Information	0	  system.css
1717053	CrystalBuild.exe(1)	Information	0	  combatLog.css
1793316	N/A(1)	N/A	N/A	CrystalBuild.exe Information: 0 : 
1793433	N/A(1)	N/A	N/A	
1794083	CrystalBuild.exe(1)	Information	0	Result for Building Style-sheets
1813054	N/A(1)	N/A	N/A	CrystalBuild.exe Information: 0 : 
1813244	N/A(1)	N/A	N/A	 -------------------
1815128	CrystalBuild.exe(1)	Warning	0	 - WARNING: Style contains image reference: resetConfirmWindow
1817272	CrystalBuild.exe(1)	Warning	0	 - WARNING: Style contains image reference: navBarWindow
1819521	CrystalBuild.exe(1)	Warning	0	 - WARNING: Style contains image reference: goldCoin
1821751	CrystalBuild.exe(1)	Warning	0	 - WARNING: Style contains image reference: expOrb
1823080	CrystalBuild.exe(1)	Warning	0	 - WARNING: Style contains image reference: powerShard
1824346	CrystalBuild.exe(1)	Warning	0	 - WARNING: Style contains image reference: bleedingIcon
1825658	CrystalBuild.exe(1)	Warning	0	 - WARNING: Style contains image reference: burningIcon
1827177	CrystalBuild.exe(1)	Warning	0	 - WARNING: Style contains image reference: chilledIcon
1828626	CrystalBuild.exe(1)	Warning	0	 - WARNING: Style contains image reference: smallBarBackground
1830161	CrystalBuild.exe(1)	Warning	0	 - WARNING: Style contains image reference: smallBarBorder
1831189	CrystalBuild.exe(1)	Warning	0	 - WARNING: Style contains image reference: playerHealthBar
1832295	CrystalBuild.exe(1)	Warning	0	 - WARNING: Style contains image reference: resurrectionBar
1833418	CrystalBuild.exe(1)	Warning	0	 - WARNING: Style contains image reference: monsterHealthBar
1834612	CrystalBuild.exe(1)	Warning	0	 - WARNING: Style contains image reference: eventButton
1835842	CrystalBuild.exe(1)	Warning	0	 - WARNING: Style contains image reference: buffIcon
1837115	CrystalBuild.exe(1)	Warning	0	 - WARNING: Style contains image reference: buffBar
1838348	CrystalBuild.exe(1)	Warning	0	 - WARNING: Style contains image reference: expBarBackground
1839551	CrystalBuild.exe(1)	Warning	0	 - WARNING: Style contains image reference: expBar
1841098	CrystalBuild.exe(1)	Warning	0	 - WARNING: Style contains image reference: expBarBorder
1842364	CrystalBuild.exe(1)	Warning	0	 - WARNING: Style contains image reference: stoneButton
1843696	CrystalBuild.exe(1)	Warning	0	 - WARNING: Style contains image reference: battleLevelButton
1845040	CrystalBuild.exe(1)	Warning	0	 - WARNING: Style contains image reference: attackButton
1846300	CrystalBuild.exe(1)	Warning	0	 - WARNING: Style contains image reference: characterWindowButton
1847699	CrystalBuild.exe(1)	Warning	0	 - WARNING: Style contains image reference: mercenariesWindowButton
1849011	CrystalBuild.exe(1)	Warning	0	 - WARNING: Style contains image reference: upgradesWindowButton
1850296	CrystalBuild.exe(1)	Warning	0	 - WARNING: Style contains image reference: upgradesWindowButtonGlow
1851713	CrystalBuild.exe(1)	Warning	0	 - WARNING: Style contains image reference: questsWindowButton
1869768	CrystalBuild.exe(1)	Warning	0	 - WARNING: Style contains image reference: questsWindowButtonGlow
1872004	CrystalBuild.exe(1)	Warning	0	 - WARNING: Style contains image reference: craftingWindowButton
1874228	CrystalBuild.exe(1)	Warning	0	 - WARNING: Style contains image reference: inventoryWindowButton
1876275	CrystalBuild.exe(1)	Warning	0	 - WARNING: Style contains image reference: inventoryWindow
1878434	CrystalBuild.exe(1)	Warning	0	 - WARNING: Style contains image reference: closeButton
1879425	CrystalBuild.exe(1)	Warning	0	 - WARNING: Style contains image reference: characterWindow
1880392	CrystalBuild.exe(1)	Warning	0	 - WARNING: Style contains image reference: mercenariesWindow
1881469	CrystalBuild.exe(1)	Warning	0	 - WARNING: Style contains image reference: buyButton
1882495	CrystalBuild.exe(1)	Warning	0	 - WARNING: Style contains image reference: footmanIcon
1883471	CrystalBuild.exe(1)	Warning	0	 - WARNING: Style contains image reference: clericIcon
1884518	CrystalBuild.exe(1)	Warning	0	 - WARNING: Style contains image reference: commanderIcon
1885599	CrystalBuild.exe(1)	Warning	0	 - WARNING: Style contains image reference: mageIcon
1886748	CrystalBuild.exe(1)	Warning	0	 - WARNING: Style contains image reference: assassinIcon
1888199	CrystalBuild.exe(1)	Warning	0	 - WARNING: Style contains image reference: warlockIcon
1889417	CrystalBuild.exe(1)	Warning	0	 - WARNING: Style contains image reference: upgradesWindow
1890903	CrystalBuild.exe(1)	Warning	0	 - WARNING: Style contains image reference: questsWindow
1892151	CrystalBuild.exe(1)	Warning	0	 - WARNING: Style contains image reference: statUpgradesWindow
1893426	CrystalBuild.exe(1)	Warning	0	 - WARNING: Style contains image reference: statUpgradeButton
1894917	CrystalBuild.exe(1)	Warning	0	 - WARNING: Style contains image reference: statIcon
1896363	CrystalBuild.exe(1)	Warning	0	 - WARNING: Style contains image reference: abilityUpgradesWindow
1897592	CrystalBuild.exe(1)	Warning	0	 - WARNING: Style contains image reference: abilityUpgradeButton
1899204	CrystalBuild.exe(1)	Warning	0	 - WARNING: Style contains image reference: rendIcon
1900604	CrystalBuild.exe(1)	Warning	0	 - WARNING: Style contains image reference: rejuvenatingStrikesIcon
1902043	CrystalBuild.exe(1)	Warning	0	 - WARNING: Style contains image reference: iceBladeIcon
1903677	CrystalBuild.exe(1)	Warning	0	 - WARNING: Style contains image reference: fireBladeIcon
1905138	CrystalBuild.exe(1)	Error	0	 - ERROR: Duplicate style: resetConfirmWindowYesButton
1906427	CrystalBuild.exe(1)	Error	0	 - ERROR: Duplicate style: resetConfirmWindowNoButton
1907674	CrystalBuild.exe(1)	Error	0	 - ERROR: Duplicate style: optionsWindowOption
1926075	CrystalBuild.exe(1)	Error	0	 - ERROR: Duplicate style: inventoryWindowSellAllButton
1927578	CrystalBuild.exe(1)	Error	0	 - ERROR: Duplicate style: buyButton
1929067	CrystalBuild.exe(1)	Error	0	 - ERROR: Duplicate style: questName
1930466	CrystalBuild.exe(1)	Error	0	 - ERROR: Duplicate style: itemTooltipStats
1933101	CrystalBuild.exe(1)	Error	0	 - ERROR: Duplicate style: button
1935301	CrystalBuild.exe(1)	Error	0	 - ERROR: Duplicate style: checkbox
1937416	CrystalBuild.exe(1)	Error	0	 - ERROR: Duplicate style: checkbox
1938498	CrystalBuild.exe(1)	Error	0	 - ERROR: Duplicate style: checkbox
1939579	CrystalBuild.exe(1)	Error	0	 - ERROR: Included style not found, globalColorLightText in globalTextElement
1940998	N/A(1)	N/A	N/A	CrystalBuild.exe Information: 0 : 
1941056	N/A(1)	N/A	N/A	
1942217	CrystalBuild.exe(1)	Information	0	Building Style-sheets Done with 12 Errors, 52 Warnings


1951540	CrystalBuild.exe(1)	Information	0	Copying 36 Content into D:\Dev\EndlessBattleFC\vanilla\bin\debug\
