0	N/A(1)	N/A	N/A	CrystalBuild.exe Warning: 0 : 
13346	N/A(1)	N/A	N/A	No resources to register!
18681	N/A(1)	N/A	N/A	CrystalBuild.exe Warning: 0 : 
18860	N/A(1)	N/A	N/A	No data found to build!
47303	CrystalBuild.exe(1)	Information	0	Building 1 Templates into D:\Dev\EndlessBattleFC\vanilla\src\data\generated\templates.js
56270	CrystalBuild.exe(1)	Information	0	  emptyElement.html
81232	N/A(1)	N/A	N/A	CrystalBuild.exe Information: 0 : 
81475	N/A(1)	N/A	N/A	
81998	CrystalBuild.exe(1)	Information	0	Result for Building Templates
82367	N/A(1)	N/A	N/A	CrystalBuild.exe Information: 0 : 
82588	N/A(1)	N/A	N/A	 -------------------
84568	N/A(1)	N/A	N/A	CrystalBuild.exe Information: 0 : 
84656	N/A(1)	N/A	N/A	
84964	CrystalBuild.exe(1)	Information	0	Building Templates Done with 0 Errors, 0 Warnings


94521	CrystalBuild.exe(1)	Information	0	Building 30 Sources into D:\Dev\EndlessBattleFC\vanilla\bin\debug\endless.js
99106	CrystalBuild.exe(1)	Information	0	  system.js
147817	CrystalBuild.exe(1)	Information	0	  loader.js
152871	CrystalBuild.exe(1)	Information	0	  init.js
161935	CrystalBuild.exe(1)	Information	0	  assert.js
170940	CrystalBuild.exe(1)	Information	0	  base64.js
187347	CrystalBuild.exe(1)	Information	0	  component.js
255319	CrystalBuild.exe(1)	Information	0	  coreSave.js
298149	CrystalBuild.exe(1)	Information	0	  coreUtils.js
338950	CrystalBuild.exe(1)	Information	0	  eventAggregate.js
345705	CrystalBuild.exe(1)	Information	0	  gameTime.js
350244	CrystalBuild.exe(1)	Information	0	  log.js
363470	CrystalBuild.exe(1)	Information	0	  lzw.js
382659	CrystalBuild.exe(1)	Information	0	  mathExtension.js
401472	CrystalBuild.exe(1)	Information	0	  type.js
425241	CrystalBuild.exe(1)	Information	0	  templates.js
427258	CrystalBuild.exe(1)	Information	0	  debug.js
445469	CrystalBuild.exe(1)	Information	0	  fbData.js
454123	CrystalBuild.exe(1)	Information	0	  fbMain.js
548705	CrystalBuild.exe(1)	Information	0	  fmMain.js
576434	CrystalBuild.exe(1)	Information	0	  game.js
630270	CrystalBuild.exe(1)	Information	0	  legacyGame.js
1165412	CrystalBuild.exe(1)	Information	0	  save.js
1173094	CrystalBuild.exe(1)	Information	0	  saveKeys.js
1181182	CrystalBuild.exe(1)	Information	0	  settings.js
1190482	CrystalBuild.exe(1)	Information	0	  staticData.js
1194312	CrystalBuild.exe(1)	Information	0	  utils.js
1213934	CrystalBuild.exe(1)	Information	0	  templateProvider.js
1220138	CrystalBuild.exe(1)	Information	0	  userInterface.js
1330783	CrystalBuild.exe(1)	Information	0	  combatLog.js
1368442	CrystalBuild.exe(1)	Information	0	  main.js
1532368	N/A(1)	N/A	N/A	CrystalBuild.exe Information: 0 : 
1532497	N/A(1)	N/A	N/A	
1533598	CrystalBuild.exe(1)	Information	0	Result for Building Sources
1535343	N/A(1)	N/A	N/A	CrystalBuild.exe Information: 0 : 
1535414	N/A(1)	N/A	N/A	 -------------------
1537016	N/A(1)	N/A	N/A	CrystalBuild.exe Information: 0 : 
1537098	N/A(1)	N/A	N/A	
1538629	CrystalBuild.exe(1)	Information	0	Building Sources Done with 0 Errors, 0 Warnings


1546354	CrystalBuild.exe(1)	Information	0	Building 4 Style-sheets into D:\Dev\EndlessBattleFC\vanilla\bin\debug\endless.css
1552520	CrystalBuild.exe(1)	Information	0	  common.css
1556895	CrystalBuild.exe(1)	Information	0	  layout.css
1559601	CrystalBuild.exe(1)	Information	0	  system.css
1561480	CrystalBuild.exe(1)	Information	0	  combatLog.css
1651411	N/A(1)	N/A	N/A	CrystalBuild.exe Information: 0 : 
1651496	N/A(1)	N/A	N/A	
1653044	CrystalBuild.exe(1)	Information	0	Result for Building Style-sheets
1656242	N/A(1)	N/A	N/A	CrystalBuild.exe Information: 0 : 
1656426	N/A(1)	N/A	N/A	 -------------------
1659898	CrystalBuild.exe(1)	Warning	0	 - WARNING: Style contains image reference: resetConfirmWindow
1661683	CrystalBuild.exe(1)	Warning	0	 - WARNING: Style contains image reference: navBarWindow
1663522	CrystalBuild.exe(1)	Warning	0	 - WARNING: Style contains image reference: goldCoin
1665348	CrystalBuild.exe(1)	Warning	0	 - WARNING: Style contains image reference: expOrb
1667442	CrystalBuild.exe(1)	Warning	0	 - WARNING: Style contains image reference: powerShard
1669956	CrystalBuild.exe(1)	Warning	0	 - WARNING: Style contains image reference: bleedingIcon
1671806	CrystalBuild.exe(1)	Warning	0	 - WARNING: Style contains image reference: burningIcon
1673229	CrystalBuild.exe(1)	Warning	0	 - WARNING: Style contains image reference: chilledIcon
1674842	CrystalBuild.exe(1)	Warning	0	 - WARNING: Style contains image reference: smallBarBackground
1676507	CrystalBuild.exe(1)	Warning	0	 - WARNING: Style contains image reference: smallBarBorder
1677934	CrystalBuild.exe(1)	Warning	0	 - WARNING: Style contains image reference: playerHealthBar
1679310	CrystalBuild.exe(1)	Warning	0	 - WARNING: Style contains image reference: resurrectionBar
1680564	CrystalBuild.exe(1)	Warning	0	 - WARNING: Style contains image reference: monsterHealthBar
1682048	CrystalBuild.exe(1)	Warning	0	 - WARNING: Style contains image reference: eventButton
1695808	CrystalBuild.exe(1)	Warning	0	 - WARNING: Style contains image reference: buffIcon
1697969	CrystalBuild.exe(1)	Warning	0	 - WARNING: Style contains image reference: buffBar
1700505	CrystalBuild.exe(1)	Warning	0	 - WARNING: Style contains image reference: expBarBackground
1702838	CrystalBuild.exe(1)	Warning	0	 - WARNING: Style contains image reference: expBar
1704949	CrystalBuild.exe(1)	Warning	0	 - WARNING: Style contains image reference: expBarBorder
1707182	CrystalBuild.exe(1)	Warning	0	 - WARNING: Style contains image reference: stoneButton
1709327	CrystalBuild.exe(1)	Warning	0	 - WARNING: Style contains image reference: battleLevelButton
1711605	CrystalBuild.exe(1)	Warning	0	 - WARNING: Style contains image reference: attackButton
1712962	CrystalBuild.exe(1)	Warning	0	 - WARNING: Style contains image reference: characterWindowButton
1714426	CrystalBuild.exe(1)	Warning	0	 - WARNING: Style contains image reference: mercenariesWindowButton
1716008	CrystalBuild.exe(1)	Warning	0	 - WARNING: Style contains image reference: upgradesWindowButton
1717850	CrystalBuild.exe(1)	Warning	0	 - WARNING: Style contains image reference: upgradesWindowButtonGlow
1719910	CrystalBuild.exe(1)	Warning	0	 - WARNING: Style contains image reference: questsWindowButton
1722496	CrystalBuild.exe(1)	Warning	0	 - WARNING: Style contains image reference: questsWindowButtonGlow
1724449	CrystalBuild.exe(1)	Warning	0	 - WARNING: Style contains image reference: craftingWindowButton
1726374	CrystalBuild.exe(1)	Warning	0	 - WARNING: Style contains image reference: inventoryWindowButton
1728028	CrystalBuild.exe(1)	Warning	0	 - WARNING: Style contains image reference: inventoryWindow
1729682	CrystalBuild.exe(1)	Warning	0	 - WARNING: Style contains image reference: closeButton
1731655	CrystalBuild.exe(1)	Warning	0	 - WARNING: Style contains image reference: characterWindow
1734076	CrystalBuild.exe(1)	Warning	0	 - WARNING: Style contains image reference: mercenariesWindow
1735606	CrystalBuild.exe(1)	Warning	0	 - WARNING: Style contains image reference: buyButton
1737035	CrystalBuild.exe(1)	Warning	0	 - WARNING: Style contains image reference: footmanIcon
1738625	CrystalBuild.exe(1)	Warning	0	 - WARNING: Style contains image reference: clericIcon
1752808	CrystalBuild.exe(1)	Warning	0	 - WARNING: Style contains image reference: commanderIcon
1755171	CrystalBuild.exe(1)	Warning	0	 - WARNING: Style contains image reference: mageIcon
1757387	CrystalBuild.exe(1)	Warning	0	 - WARNING: Style contains image reference: assassinIcon
1759964	CrystalBuild.exe(1)	Warning	0	 - WARNING: Style contains image reference: warlockIcon
1761910	CrystalBuild.exe(1)	Warning	0	 - WARNING: Style contains image reference: upgradesWindow
1764109	CrystalBuild.exe(1)	Warning	0	 - WARNING: Style contains image reference: questsWindow
1766214	CrystalBuild.exe(1)	Warning	0	 - WARNING: Style contains image reference: statUpgradesWindow
1768466	CrystalBuild.exe(1)	Warning	0	 - WARNING: Style contains image reference: statUpgradeButton
1770156	CrystalBuild.exe(1)	Warning	0	 - WARNING: Style contains image reference: statIcon
1772957	CrystalBuild.exe(1)	Warning	0	 - WARNING: Style contains image reference: abilityUpgradesWindow
1775898	CrystalBuild.exe(1)	Warning	0	 - WARNING: Style contains image reference: abilityUpgradeButton
1778022	CrystalBuild.exe(1)	Warning	0	 - WARNING: Style contains image reference: rendIcon
1779719	CrystalBuild.exe(1)	Warning	0	 - WARNING: Style contains image reference: rejuvenatingStrikesIcon
1781392	CrystalBuild.exe(1)	Warning	0	 - WARNING: Style contains image reference: iceBladeIcon
1782980	CrystalBuild.exe(1)	Warning	0	 - WARNING: Style contains image reference: fireBladeIcon
1784461	CrystalBuild.exe(1)	Error	0	 - ERROR: Duplicate style: resetConfirmWindowYesButton
1785846	CrystalBuild.exe(1)	Error	0	 - ERROR: Duplicate style: resetConfirmWindowNoButton
1787510	CrystalBuild.exe(1)	Error	0	 - ERROR: Duplicate style: optionsWindowOption
1789130	CrystalBuild.exe(1)	Error	0	 - ERROR: Duplicate style: inventoryWindowSellAllButton
1790519	CrystalBuild.exe(1)	Error	0	 - ERROR: Duplicate style: buyButton
1791910	CrystalBuild.exe(1)	Error	0	 - ERROR: Duplicate style: questName
1793095	CrystalBuild.exe(1)	Error	0	 - ERROR: Duplicate style: itemTooltipStats
1794264	CrystalBuild.exe(1)	Error	0	 - ERROR: Duplicate style: button
1795666	CrystalBuild.exe(1)	Error	0	 - ERROR: Duplicate style: checkbox
1810045	CrystalBuild.exe(1)	Error	0	 - ERROR: Duplicate style: checkbox
1814291	CrystalBuild.exe(1)	Error	0	 - ERROR: Duplicate style: checkbox
1816668	CrystalBuild.exe(1)	Error	0	 - ERROR: Included style not found, globalColorLightText in globalTextElement
1818797	N/A(1)	N/A	N/A	CrystalBuild.exe Information: 0 : 
1818885	N/A(1)	N/A	N/A	
1820956	CrystalBuild.exe(1)	Information	0	Building Style-sheets Done with 12 Errors, 52 Warnings


1832249	CrystalBuild.exe(1)	Information	0	Copying 36 Content into D:\Dev\EndlessBattleFC\vanilla\bin\debug\
